<?xml version="1.0" encoding="UTF-8"?>
<!-- Generated by org.testng.reporters.JUnitReportReporter -->
<testsuite hostname="marotipatil" failures="0" tests="1" name="Assertion.HardAssert" time="7.107" errors="0" timestamp="2024-10-12T08:37:38 IST" skipped="0">
  <testcase classname="Assertion.HardAssert" name="hardAssert" time="7.107"/>
</testsuite> <!-- Assertion.HardAssert -->
