<?xml version="1.0" encoding="UTF-8"?>
<!-- Generated by org.testng.reporters.JUnitReportReporter -->
<testsuite hostname="marotipatil" failures="0" tests="1" name="Task.LoginUsingExcel" time="0.677" errors="0" timestamp="2024-10-14T15:52:48 IST" skipped="0">
  <testcase classname="Task.LoginUsingExcel" name="excelMethod" time="0.677"/>
</testsuite> <!-- Task.LoginUsingExcel -->
