<?xml version="1.0" encoding="UTF-8"?>
<!-- Generated by org.testng.reporters.JUnitReportReporter -->
<testsuite hostname="marotipatil" failures="0" tests="1" name="Task.LoginProperty" time="2.024" errors="0" timestamp="2024-10-14T15:42:32 IST" skipped="0">
  <testcase classname="Task.LoginProperty" name="beforeMethod" time="2.024"/>
</testsuite> <!-- Task.LoginProperty -->
