<?xml version="1.0" encoding="UTF-8"?>
<!-- Generated by org.testng.reporters.JUnitReportReporter -->
<testsuite hostname="marotipatil" failures="0" tests="1" name="Exercise.Programm7_1" time="7.503" errors="0" timestamp="2024-10-10T17:43:23 IST" skipped="0">
  <testcase classname="Exercise.Programm7_1" name="dws" time="7.503"/>
</testsuite> <!-- Exercise.Programm7_1 -->
