<?xml version="1.0" encoding="UTF-8"?>
<!-- Generated by org.testng.reporters.JUnitReportReporter -->
<testsuite hostname="marotipatil" failures="0" tests="1" name="TestCaseExecution1.Rcb" time="28.574" errors="0" timestamp="2024-10-10T16:58:33 IST" skipped="0">
  <testcase classname="TestCaseExecution1.Rcb" name="rcb" time="28.574"/>
</testsuite> <!-- TestCaseExecution1.Rcb -->
