<?xml version="1.0" encoding="UTF-8"?>
<!-- Generated by org.testng.reporters.JUnitReportReporter -->
<testsuite hostname="marotipatil" failures="0" tests="1" name="TestNg.HelperMethod" time="6.949" errors="0" timestamp="2024-10-07T08:53:57 IST" skipped="0">
  <testcase classname="TestNg.HelperMethod" name="dws" time="6.949"/>
</testsuite> <!-- TestNg.HelperMethod -->
