<?xml version="1.0" encoding="UTF-8"?>
<!-- Generated by org.testng.reporters.JUnitReportReporter -->
<testsuite hostname="marotipatil" failures="0" tests="1" name="TestCaseExecution3.Csk" time="12.554" errors="0" timestamp="2024-10-10T17:31:33 IST" skipped="0">
  <testcase classname="TestCaseExecution3.Csk" name="csk" time="12.554"/>
</testsuite> <!-- TestCaseExecution3.Csk -->
