<?xml version="1.0" encoding="UTF-8"?>
<!-- Generated by org.testng.reporters.JUnitReportReporter -->
<testsuite hostname="marotipatil" failures="0" tests="1" name="Pom.Login" time="12.355" errors="0" timestamp="2024-10-18T09:30:01 IST" skipped="0">
  <testcase classname="Pom.Login" name="login" time="12.355"/>
</testsuite> <!-- Pom.Login -->
