<?xml version="1.0" encoding="UTF-8"?>
<!-- Generated by org.testng.reporters.JUnitReportReporter -->
<testsuite hostname="marotipatil" failures="0" tests="1" name="practiseddt.Dws" time="8.310" errors="0" timestamp="2024-10-08T13:31:24 IST" skipped="0">
  <testcase classname="practiseddt.Dws" name="dws" time="8.310"/>
</testsuite> <!-- practiseddt.Dws -->
