<?xml version="1.0" encoding="UTF-8"?>
<!-- Generated by org.testng.reporters.JUnitReportReporter -->
<testsuite hostname="marotipatil" failures="0" tests="1" name="TestCaseExecution2.RoyalEnfield" time="11.520" errors="0" timestamp="2024-10-10T16:58:33 IST" skipped="0">
  <testcase classname="TestCaseExecution2.RoyalEnfield" name="royalEnfield" time="11.520"/>
</testsuite> <!-- TestCaseExecution2.RoyalEnfield -->
