<?xml version="1.0" encoding="UTF-8"?>
<!-- Generated by org.testng.reporters.JUnitReportReporter -->
<testsuite hostname="marotipatil" failures="0" tests="3" name="Exercise.Programm3" time="23.360" errors="0" timestamp="2024-10-10T15:18:45 IST" skipped="0">
  <testcase classname="Exercise.Programm3" name="rcb" time="12.295"/>
  <testcase classname="Exercise.Programm3" name="helper1" time="4.578"/>
  <testcase classname="Exercise.Programm3" name="dws" time="6.487"/>
</testsuite> <!-- Exercise.Programm3 -->
