<?xml version="1.0" encoding="UTF-8"?>
<!-- Generated by org.testng.reporters.JUnitReportReporter -->
<testsuite hostname="marotipatil" failures="0" tests="6" name="Exercise.Programm4" time="110.405" errors="0" timestamp="2024-10-10T15:41:36 IST" skipped="0">
  <testcase classname="Exercise.Programm4" name="helper1" time="13.955"/>
  <testcase classname="Exercise.Programm4" name="rcb" time="34.037"/>
  <testcase classname="Exercise.Programm4" name="rcb" time="15.425"/>
  <testcase classname="Exercise.Programm4" name="innovacationCount" time="12.793"/>
  <testcase classname="Exercise.Programm4" name="innovacationCount" time="7.723"/>
  <testcase classname="Exercise.Programm4" name="rcb" time="26.472"/>
</testsuite> <!-- Exercise.Programm4 -->
