<?xml version="1.0" encoding="UTF-8"?>
<!-- Generated by org.testng.reporters.JUnitReportReporter -->
<testsuite hostname="marotipatil" failures="0" tests="1" name="itestListeners.Csk" time="11.203" errors="0" timestamp="2024-10-15T09:52:42 IST" skipped="0">
  <testcase classname="itestListeners.Csk" name="csk" time="11.203">
    <system-out>
      <![CDATA[onTestStart
csk
onTestSuccess]]>
    </system-out>
  </testcase> <!-- csk -->
  <system-out>
    <![CDATA[onStart
onTestStart
csk
onTestSuccess]]>
  </system-out>
</testsuite> <!-- itestListeners.Csk -->
