<?xml version="1.0" encoding="UTF-8"?>
<!-- Generated by org.testng.reporters.JUnitReportReporter -->
<testsuite hostname="marotipatil" failures="0" tests="1" name="Assertion.assertTrueMethod$HardAssert" time="6.604" errors="0" timestamp="2024-10-12T08:50:25 IST" skipped="0">
  <testcase classname="Assertion.assertTrueMethod$HardAssert" name="hardAssert" time="6.604"/>
</testsuite> <!-- Assertion.assertTrueMethod$HardAssert -->
