<?xml version="1.0" encoding="UTF-8"?>
<!-- Generated by org.testng.reporters.JUnitReportReporter -->
<testsuite hostname="marotipatil" failures="0" tests="7" name="TestNg.HelperMethod3" time="272.662" errors="0" timestamp="2024-10-07T09:06:50 IST" skipped="0">
  <testcase classname="TestNg.HelperMethod3" name="rcb" time="37.349"/>
  <testcase classname="TestNg.HelperMethod3" name="rcb" time="32.973"/>
  <testcase classname="TestNg.HelperMethod3" name="csk" time="64.983"/>
  <testcase classname="TestNg.HelperMethod3" name="csk" time="73.191"/>
  <testcase classname="TestNg.HelperMethod3" name="csk" time="38.691"/>
  <testcase classname="TestNg.HelperMethod3" name="dws" time="6.002"/>
  <testcase classname="TestNg.HelperMethod3" name="dws" time="19.473"/>
</testsuite> <!-- TestNg.HelperMethod3 -->
