<?xml version="1.0" encoding="UTF-8"?>
<!-- Generated by org.testng.reporters.JUnitReportReporter -->
<testsuite hostname="marotipatil" failures="0" tests="1" name="ExtentReportBasic.Testing4" time="6.822" errors="0" timestamp="2024-10-22T09:28:47 IST" skipped="0">
  <testcase classname="ExtentReportBasic.Testing4" name="main4" time="6.822">
    <system-out>
      <![CDATA[I am in main4]]>
    </system-out>
  </testcase> <!-- main4 -->
  <system-out>
    <![CDATA[I am in main5
I am in main4
i am in the main
I am in main3
I am in main2]]>
  </system-out>
</testsuite> <!-- ExtentReportBasic.Testing4 -->
