<?xml version="1.0" encoding="UTF-8"?>
<!-- Generated by org.testng.reporters.JUnitReportReporter -->
<testsuite hostname="marotipatil" failures="0" tests="1" name="DataDrivenTesting.ReadFromExcel" time="13.963" errors="0" timestamp="2024-10-03T10:06:21 IST" skipped="0">
  <testcase classname="DataDrivenTesting.ReadFromExcel" name="login" time="13.963"/>
</testsuite> <!-- DataDrivenTesting.ReadFromExcel -->
