<?xml version="1.0" encoding="UTF-8"?>
<!-- Generated by org.testng.reporters.JUnitReportReporter -->
<testsuite hostname="marotipatil" failures="0" tests="1" name="Pom.DwsRegisterMain" time="8.663" errors="0" timestamp="2024-10-19T08:33:51 IST" skipped="0">
  <testcase classname="Pom.DwsRegisterMain" name="reguster" time="8.663"/>
</testsuite> <!-- Pom.DwsRegisterMain -->
