<?xml version="1.0" encoding="UTF-8"?>
<!-- Generated by org.testng.reporters.JUnitReportReporter -->
<testsuite hostname="marotipatil" failures="0" tests="3" name="TestNg.HelperMethod4" time="28.179" errors="0" timestamp="2024-10-07T09:12:18 IST" skipped="1">
  <testcase classname="TestNg.HelperMethod4" name="rcb" time="23.012"/>
  <testcase classname="TestNg.HelperMethod4" name="dws" time="5.167"/>
  <testcase classname="TestNg.HelperMethod4" name="csk">
    <skipped/>
  </testcase> <!-- csk -->
</testsuite> <!-- TestNg.HelperMethod4 -->
