<?xml version="1.0" encoding="UTF-8"?>
<!-- Generated by org.testng.reporters.JUnitReportReporter -->
<testsuite hostname="marotipatil" failures="0" tests="1" name="TestCaseExecution2.Ktm" time="4.450" errors="0" timestamp="2024-10-08T08:26:37 IST" skipped="0">
  <testcase classname="TestCaseExecution2.Ktm" name="ktm" time="4.450"/>
</testsuite> <!-- TestCaseExecution2.Ktm -->
