<?xml version="1.0" encoding="UTF-8"?>
<!-- Generated by org.testng.reporters.JUnitReportReporter -->
<testsuite hostname="marotipatil" failures="0" tests="1" name="ExtentReportBasic.Testing5" time="3.291" errors="0" timestamp="2024-10-22T09:28:47 IST" skipped="0">
  <testcase classname="ExtentReportBasic.Testing5" name="main5" time="3.291">
    <system-out>
      <![CDATA[I am in main5]]>
    </system-out>
  </testcase> <!-- main5 -->
  <system-out>
    <![CDATA[I am in main5
I am in main4
i am in the main
I am in main3
I am in main2]]>
  </system-out>
</testsuite> <!-- ExtentReportBasic.Testing5 -->
