<?xml version="1.0" encoding="UTF-8"?>
<!-- Generated by org.testng.reporters.JUnitReportReporter -->
<testsuite hostname="marotipatil" failures="0" tests="3" name="Exercise.Programm5" time="66.724" errors="0" timestamp="2024-10-10T16:52:46 IST" skipped="1">
  <testcase classname="Exercise.Programm5" name="innovacationCount" time="10.099"/>
  <testcase classname="Exercise.Programm5" name="threadPoolSize" time="56.625"/>
  <testcase classname="Exercise.Programm5" name="invocationCount2">
    <skipped/>
  </testcase> <!-- invocationCount2 -->
</testsuite> <!-- Exercise.Programm5 -->
