<?xml version="1.0" encoding="UTF-8"?>
<!-- Generated by org.testng.reporters.JUnitReportReporter -->
<testsuite hostname="marotipatil" failures="0" tests="1" name="Assertion.SoftAssert1" time="6.323" errors="0" timestamp="2024-10-14T08:53:12 IST" skipped="0">
  <testcase classname="Assertion.SoftAssert1" name="softAssertMethod" time="6.323"/>
</testsuite> <!-- Assertion.SoftAssert1 -->
