<?xml version="1.0" encoding="UTF-8"?>
<!-- Generated by org.testng.reporters.JUnitReportReporter -->
<testsuite hostname="marotipatil" failures="0" tests="1" name="TestCaseExecution3.Login" time="24.348" errors="0" timestamp="2024-10-10T17:22:12 IST" skipped="0">
  <testcase classname="TestCaseExecution3.Login" name="login" time="24.348"/>
</testsuite> <!-- TestCaseExecution3.Login -->
