<?xml version="1.0" encoding="UTF-8"?>
<!-- Generated by org.testng.reporters.JUnitReportReporter -->
<testsuite hostname="marotipatil" failures="0" tests="1" name="Task.BaseClass" time="9.257" errors="0" timestamp="2024-10-14T14:20:23 IST" skipped="0">
  <testcase classname="Task.BaseClass" name="preContition" time="9.257"/>
</testsuite> <!-- Task.BaseClass -->
