<?xml version="1.0" encoding="UTF-8"?>
<!-- Generated by org.testng.reporters.JUnitReportReporter -->
<testsuite hostname="marotipatil" failures="0" tests="1" name="DataDrivenTesting.ReadFileProperties" time="5.060" errors="0" timestamp="2024-10-14T15:15:34 IST" skipped="0">
  <testcase classname="DataDrivenTesting.ReadFileProperties" name="Login" time="5.060"/>
</testsuite> <!-- DataDrivenTesting.ReadFileProperties -->
