<?xml version="1.0" encoding="UTF-8"?>
<!-- Generated by org.testng.reporters.JUnitReportReporter -->
<testsuite hostname="marotipatil" failures="0" tests="1" name="DataDrivenTesting.ReadDataFromExcelAndPropertiesFile" time="16.566" errors="0" timestamp="2024-10-05T09:39:48 IST" skipped="0">
  <testcase classname="DataDrivenTesting.ReadDataFromExcelAndPropertiesFile" name="fileandProperty" time="16.566"/>
</testsuite> <!-- DataDrivenTesting.ReadDataFromExcelAndPropertiesFile -->
