<?xml version="1.0" encoding="UTF-8"?>
<!-- Generated by org.testng.reporters.JUnitReportReporter -->
<testsuite hostname="marotipatil" failures="0" tests="2" name="TestNg.MultipleChronologicalOrder" time="0.008" errors="0" timestamp="2024-10-10T10:17:25 IST" skipped="0">
  <testcase classname="TestNg.MultipleChronologicalOrder" name="TestSCript2" time="0.001"/>
  <testcase classname="TestNg.MultipleChronologicalOrder" name="TestSCript1" time="0.007"/>
</testsuite> <!-- TestNg.MultipleChronologicalOrder -->
