<?xml version="1.0" encoding="UTF-8"?>
<!-- Generated by org.testng.reporters.JUnitReportReporter -->
<testsuite hostname="marotipatil" failures="0" tests="4" name="TestNg.HelperMethod5" time="63.665" errors="0" timestamp="2024-10-07T10:11:17 IST" skipped="0">
  <testcase classname="TestNg.HelperMethod5" name="rcb" time="21.948"/>
  <testcase classname="TestNg.HelperMethod5" name="dws" time="10.367"/>
  <testcase classname="TestNg.HelperMethod5" name="csk" time="5.017"/>
  <testcase classname="TestNg.HelperMethod5" name="zoom" time="26.333"/>
</testsuite> <!-- TestNg.HelperMethod5 -->
