<?xml version="1.0" encoding="UTF-8"?>
<!-- Generated by org.testng.reporters.JUnitReportReporter -->
<testsuite hostname="marotipatil" failures="0" tests="1" name="com.crm.FileUtility.FactoryMethod" time="7.247" errors="0" timestamp="2024-10-14T08:54:46 IST" skipped="0">
  <testcase classname="com.crm.FileUtility.FactoryMethod" name="Login" time="7.247"/>
</testsuite> <!-- com.crm.FileUtility.FactoryMethod -->
