<?xml version="1.0" encoding="UTF-8"?>
<!-- Generated by org.testng.reporters.JUnitReportReporter -->
<testsuite hostname="marotipatil" failures="0" tests="1" name="TestCaseExecution1.Dws" time="10.943" errors="0" timestamp="2024-10-08T13:25:54 IST" skipped="0">
  <testcase classname="TestCaseExecution1.Dws" name="dws" time="10.943"/>
</testsuite> <!-- TestCaseExecution1.Dws -->
