<?xml version="1.0" encoding="UTF-8"?>
<!-- Generated by org.testng.reporters.JUnitReportReporter -->
<testsuite hostname="marotipatil" failures="0" tests="7" name="TestNg.HelperMethod2" time="81.507" errors="0" timestamp="2024-10-07T09:02:29 IST" skipped="0">
  <testcase classname="TestNg.HelperMethod2" name="rcb" time="9.722"/>
  <testcase classname="TestNg.HelperMethod2" name="rcb" time="6.304"/>
  <testcase classname="TestNg.HelperMethod2" name="csk" time="15.321"/>
  <testcase classname="TestNg.HelperMethod2" name="csk" time="12.280"/>
  <testcase classname="TestNg.HelperMethod2" name="csk" time="22.473"/>
  <testcase classname="TestNg.HelperMethod2" name="dws" time="8.342"/>
  <testcase classname="TestNg.HelperMethod2" name="dws" time="7.065"/>
</testsuite> <!-- TestNg.HelperMethod2 -->
