<?xml version="1.0" encoding="UTF-8"?>
<!-- Generated by org.testng.reporters.JUnitReportReporter -->
<testsuite hostname="marotipatil" failures="0" tests="1" name="ExtentReportBasic.SampleReport" time="0.524" errors="0" timestamp="2024-10-24T19:20:51 IST" skipped="0">
  <testcase classname="ExtentReportBasic.SampleReport" name="sample" time="0.524"/>
</testsuite> <!-- ExtentReportBasic.SampleReport -->
