<?xml version="1.0" encoding="UTF-8"?>
<!-- Generated by org.testng.reporters.JUnitReportReporter -->
<testsuite hostname="marotipatil" failures="0" tests="3" name="Exercise.Programm6" time="44.082" errors="0" timestamp="2024-10-10T17:09:35 IST" skipped="0">
  <testcase classname="Exercise.Programm6" name="group4" time="16.067"/>
  <testcase classname="Exercise.Programm6" name="group3" time="13.136"/>
  <testcase classname="Exercise.Programm6" name="group1" time="14.879"/>
</testsuite> <!-- Exercise.Programm6 -->
