<?xml version="1.0" encoding="UTF-8"?>
<!-- Generated by org.testng.reporters.JUnitReportReporter -->
<testsuite hostname="marotipatil" failures="0" tests="1" name="Exercise.Programm7" time="9.596" errors="0" timestamp="2024-10-10T17:43:23 IST" skipped="0">
  <testcase classname="Exercise.Programm7" name="parameters1" time="9.596"/>
</testsuite> <!-- Exercise.Programm7 -->
