<?xml version="1.0" encoding="UTF-8"?>
<!-- Generated by org.testng.reporters.JUnitReportReporter -->
<testsuite hostname="marotipatil" failures="0" tests="1" name="TestNg.Launch" time="4.675" errors="0" timestamp="2024-10-01T10:10:59 IST" skipped="0">
  <testcase classname="TestNg.Launch" name="main" time="4.675"/>
</testsuite> <!-- TestNg.Launch -->
