<?xml version="1.0" encoding="UTF-8"?>
<!-- Generated by org.testng.reporters.JUnitReportReporter -->
<testsuite hostname="marotipatil" failures="0" tests="1" name="Assertion.AsserEqualsMethod" time="4.795" errors="0" timestamp="2024-10-12T08:37:17 IST" skipped="0">
  <testcase classname="Assertion.AsserEqualsMethod" name="assertmethod" time="4.795"/>
</testsuite> <!-- Assertion.AsserEqualsMethod -->
