<?xml version="1.0" encoding="UTF-8"?>
<!-- Generated by org.testng.reporters.JUnitReportReporter -->
<testsuite hostname="marotipatil" failures="0" tests="1" name="Pom.VtigerMain" time="7.056" errors="0" timestamp="2024-10-18T23:08:33 IST" skipped="0">
  <testcase classname="Pom.VtigerMain" name="login" time="7.056"/>
</testsuite> <!-- Pom.VtigerMain -->
