<?xml version="1.0" encoding="UTF-8"?>
<!-- Generated by org.testng.reporters.JUnitReportReporter -->
<testsuite hostname="marotipatil" failures="0" tests="1" name="TestNg.ChronologicalOrder" time="0.017" errors="0" timestamp="2024-10-14T14:25:28 IST" skipped="0">
  <testcase classname="TestNg.ChronologicalOrder" name="TestSCript" time="0.017"/>
</testsuite> <!-- TestNg.ChronologicalOrder -->
