<?xml version="1.0" encoding="UTF-8"?>
<!-- Generated by org.testng.reporters.JUnitReportReporter -->
<testsuite hostname="marotipatil" failures="0" tests="1" name="com.crm.FileUtility.ReadDataFrmExcel" time="0.655" errors="0" timestamp="2024-10-14T14:39:07 IST" skipped="0">
  <testcase classname="com.crm.FileUtility.ReadDataFrmExcel" name="Login" time="0.655"/>
</testsuite> <!-- com.crm.FileUtility.ReadDataFrmExcel -->
